{
  "stats": {
    "suites": 1,
    "tests": 1,
    "passes": 1,
    "pending": 0,
    "failures": 0,
    "start": "2025-03-25T18:52:37.471Z",
    "end": "2025-03-25T18:52:40.880Z",
    "duration": 3409,
    "testsRegistered": 1,
    "passPercent": 100,
    "pendingPercent": 0,
    "other": 0,
    "hasOther": false,
    "skipped": 0,
    "hasSkipped": false
  },
  "results": [
    {
      "uuid": "b8215b8f-41c7-4a6a-8215-5dd9db222193",
      "title": "",
      "fullFile": "cypress\\e2e\\login-fluxoSecundario.cy.js",
      "file": "cypress\\e2e\\login-fluxoSecundario.cy.js",
      "beforeHooks": [],
      "afterHooks": [],
      "tests": [],
      "suites": [
        {
          "uuid": "1b9f973f-7df6-46f9-aa07-1fc7a598ede9",
          "title": "Testar fluxo secundário de login",
          "fullFile": "",
          "file": "",
          "beforeHooks": [],
          "afterHooks": [],
          "tests": [
            {
              "title": "Testar fluxo de login a partir da página de mensagem",
              "fullTitle": "Testar fluxo secundário de login Testar fluxo de login a partir da página de mensagem",
              "timedOut": null,
              "duration": 1926,
              "state": "passed",
              "speed": "fast",
              "pass": true,
              "fail": false,
              "pending": false,
              "context": null,
              "code": "cy.get('.header__message').click();\ncy.login('ana@email.com', 'Senha123');",
              "err": {},
              "uuid": "60adee47-161b-4d04-b3d3-57bc0aea76a7",
              "parentUUID": "1b9f973f-7df6-46f9-aa07-1fc7a598ede9",
              "isHook": false,
              "skipped": false
            }
          ],
          "suites": [],
          "passes": [
            "60adee47-161b-4d04-b3d3-57bc0aea76a7"
          ],
          "failures": [],
          "pending": [],
          "skipped": [],
          "duration": 1926,
          "root": false,
          "rootEmpty": false,
          "_timeout": 2000
        }
      ],
      "passes": [],
      "failures": [],
      "pending": [],
      "skipped": [],
      "duration": 0,
      "root": true,
      "rootEmpty": true,
      "_timeout": 2000
    }
  ],
  "meta": {
    "mocha": {
      "version": "7.0.1"
    },
    "mochawesome": {
      "options": {
        "quiet": false,
        "reportFilename": "mochawesome",
        "saveHtml": false,
        "saveJson": true,
        "consoleReporter": "spec",
        "useInlineDiffs": false,
        "code": true
      },
      "version": "7.1.3"
    },
    "marge": {
      "options": {
        "reportDir": "cypress/results",
        "overwrite": false,
        "html": false,
        "json": true,
        "timestamp": "mmddyyyy_HHMMss"
      },
      "version": "6.2.0"
    }
  }
}