{
  "stats": {
    "suites": 1,
    "tests": 2,
    "passes": 2,
    "pending": 0,
    "failures": 0,
    "start": "2025-03-27T19:31:28.649Z",
    "end": "2025-03-27T19:31:31.539Z",
    "duration": 2890,
    "testsRegistered": 2,
    "passPercent": 100,
    "pendingPercent": 0,
    "other": 0,
    "hasOther": false,
    "skipped": 0,
    "hasSkipped": false
  },
  "results": [
    {
      "uuid": "a0276d42-f18e-4a40-a63a-edf1da6d4e38",
      "title": "",
      "fullFile": "cypress\\e2e\\texto-html.cy.js",
      "file": "cypress\\e2e\\texto-html.cy.js",
      "beforeHooks": [],
      "afterHooks": [],
      "tests": [],
      "suites": [
        {
          "uuid": "ec505e81-e1bd-4583-adaa-28c1c5c605a5",
          "title": "Testar texto",
          "fullFile": "",
          "file": "",
          "beforeHooks": [],
          "afterHooks": [],
          "tests": [
            {
              "title": "Verificar se o texto \"Quem ama adota!\" está na página principal",
              "fullTitle": "Testar texto Verificar se o texto \"Quem ama adota!\" está na página principal",
              "timedOut": null,
              "duration": 718,
              "state": "passed",
              "speed": "fast",
              "pass": true,
              "fail": false,
              "pending": false,
              "context": null,
              "code": "cy.contains('Quem ama adota!');",
              "err": {},
              "uuid": "c13a6c7b-d6e2-4cde-9f6d-a26e07dff640",
              "parentUUID": "ec505e81-e1bd-4583-adaa-28c1c5c605a5",
              "isHook": false,
              "skipped": false
            },
            {
              "title": "Verificar se o texto “Adotar pode mudar uma vida. Que tal buscar seu novo melhor amigo hoje? Vem com a gente!” está na página principal",
              "fullTitle": "Testar texto Verificar se o texto “Adotar pode mudar uma vida. Que tal buscar seu novo melhor amigo hoje? Vem com a gente!” está na página principal",
              "timedOut": null,
              "duration": 751,
              "state": "passed",
              "speed": "fast",
              "pass": true,
              "fail": false,
              "pending": false,
              "context": null,
              "code": "cy.contains('Adotar pode mudar uma vida. Que tal buscar seu novo melhor amigo hoje? Vem com a gente!');",
              "err": {},
              "uuid": "c722beb6-c9f0-4b05-adac-7625306c836d",
              "parentUUID": "ec505e81-e1bd-4583-adaa-28c1c5c605a5",
              "isHook": false,
              "skipped": false
            }
          ],
          "suites": [],
          "passes": [
            "c13a6c7b-d6e2-4cde-9f6d-a26e07dff640",
            "c722beb6-c9f0-4b05-adac-7625306c836d"
          ],
          "failures": [],
          "pending": [],
          "skipped": [],
          "duration": 1469,
          "root": false,
          "rootEmpty": false,
          "_timeout": 2000
        }
      ],
      "passes": [],
      "failures": [],
      "pending": [],
      "skipped": [],
      "duration": 0,
      "root": true,
      "rootEmpty": true,
      "_timeout": 2000
    }
  ],
  "meta": {
    "mocha": {
      "version": "7.0.1"
    },
    "mochawesome": {
      "options": {
        "quiet": false,
        "reportFilename": "mochawesome",
        "saveHtml": false,
        "saveJson": true,
        "consoleReporter": "spec",
        "useInlineDiffs": false,
        "code": true
      },
      "version": "7.1.3"
    },
    "marge": {
      "options": {
        "reportDir": "cypress/results",
        "overwrite": false,
        "html": false,
        "json": true,
        "timestamp": "mmddyyyy_HHMMss"
      },
      "version": "6.2.0"
    }
  }
}