{
  "stats": {
    "suites": 1,
    "tests": 1,
    "passes": 0,
    "pending": 0,
    "failures": 1,
    "start": "2025-03-25T18:58:36.665Z",
    "end": "2025-03-25T18:58:39.438Z",
    "duration": 2773,
    "testsRegistered": 1,
    "passPercent": 0,
    "pendingPercent": 0,
    "other": 0,
    "hasOther": false,
    "skipped": 0,
    "hasSkipped": false
  },
  "results": [
    {
      "uuid": "80d73a0b-1144-4552-88f5-80a69fd80e24",
      "title": "",
      "fullFile": "cypress\\e2e\\imagem-home.cy.js",
      "file": "cypress\\e2e\\imagem-home.cy.js",
      "beforeHooks": [],
      "afterHooks": [],
      "tests": [],
      "suites": [
        {
          "uuid": "a73e6440-9b48-4dcd-bf67-b52c33ee9939",
          "title": "Testar página inicial",
          "fullFile": "",
          "file": "",
          "beforeHooks": [],
          "afterHooks": [],
          "tests": [
            {
              "title": "Verificar se as imagens dos pets aparecem na página inicial",
              "fullTitle": "Testar página inicial Verificar se as imagens dos pets aparecem na página inicial",
              "timedOut": null,
              "duration": 1130,
              "state": "failed",
              "speed": null,
              "pass": false,
              "fail": true,
              "pending": false,
              "context": null,
              "code": "cy.get('img').should('have.length,greaterThan', 0);",
              "err": {
                "message": "CypressError: The chainer `length,greaterThan` was not found. Could not build assertion.",
                "estack": "CypressError: The chainer `length,greaterThan` was not found. Could not build assertion.\n    at cypressErr (https://adopet-frontend-cypress.vercel.app/__cypress/runner/cypress_runner.js:75176:18)\n    at Object.cypressErrByPath (https://adopet-frontend-cypress.vercel.app/__cypress/runner/cypress_runner.js:75181:10)\n    at <unknown> (https://adopet-frontend-cypress.vercel.app/__cypress/runner/cypress_runner.js:117891:78)\n    at arrayReduce (https://adopet-frontend-cypress.vercel.app/__cypress/runner/cypress_runner.js:18675:21)\n    at Function.reduce (https://adopet-frontend-cypress.vercel.app/__cypress/runner/cypress_runner.js:27727:14)\n    at applyChainers (https://adopet-frontend-cypress.vercel.app/__cypress/runner/cypress_runner.js:117889:68)\n    at tryCatcher (https://adopet-frontend-cypress.vercel.app/__cypress/runner/cypress_runner.js:1777:23)\n    at Promise.attempt.Promise.try (https://adopet-frontend-cypress.vercel.app/__cypress/runner/cypress_runner.js:4285:29)\n    at Context.shouldFn (https://adopet-frontend-cypress.vercel.app/__cypress/runner/cypress_runner.js:117915:66)\n    at Context.should (https://adopet-frontend-cypress.vercel.app/__cypress/runner/cypress_runner.js:117932:23)\n    at <unknown> (https://adopet-frontend-cypress.vercel.app/__cypress/runner/cypress_runner.js:143788:39)\n    at assertions (https://adopet-frontend-cypress.vercel.app/__cypress/runner/cypress_runner.js:144036:16)\n    at tryCatcher (https://adopet-frontend-cypress.vercel.app/__cypress/runner/cypress_runner.js:1777:23)\n    at Object.gotValue (https://adopet-frontend-cypress.vercel.app/__cypress/runner/cypress_runner.js:6448:18)\n    at Object.gotAccum (https://adopet-frontend-cypress.vercel.app/__cypress/runner/cypress_runner.js:6435:25)\n    at Object.tryCatcher (https://adopet-frontend-cypress.vercel.app/__cypress/runner/cypress_runner.js:1777:23)\n    at Promise._settlePromiseFromHandler (https://adopet-frontend-cypress.vercel.app/__cypress/runner/cypress_runner.js:1489:31)\n    at Promise._settlePromise (https://adopet-frontend-cypress.vercel.app/__cypress/runner/cypress_runner.js:1546:18)\n    at Promise._settlePromiseCtx (https://adopet-frontend-cypress.vercel.app/__cypress/runner/cypress_runner.js:1583:10)\n    at _drainQueueStep (https://adopet-frontend-cypress.vercel.app/__cypress/runner/cypress_runner.js:2381:12)\n    at _drainQueue (https://adopet-frontend-cypress.vercel.app/__cypress/runner/cypress_runner.js:2370:9)\n    at Async._drainQueues (https://adopet-frontend-cypress.vercel.app/__cypress/runner/cypress_runner.js:2386:5)\nFrom Your Spec Code:\n    at Context.eval (webpack:///./cypress/e2e/imagem-home.cy.js:7:20)",
                "diff": null
              },
              "uuid": "cedf94e5-3e6a-482d-9c21-1633f272db84",
              "parentUUID": "a73e6440-9b48-4dcd-bf67-b52c33ee9939",
              "isHook": false,
              "skipped": false
            }
          ],
          "suites": [],
          "passes": [],
          "failures": [
            "cedf94e5-3e6a-482d-9c21-1633f272db84"
          ],
          "pending": [],
          "skipped": [],
          "duration": 1130,
          "root": false,
          "rootEmpty": false,
          "_timeout": 2000
        }
      ],
      "passes": [],
      "failures": [],
      "pending": [],
      "skipped": [],
      "duration": 0,
      "root": true,
      "rootEmpty": true,
      "_timeout": 2000
    }
  ],
  "meta": {
    "mocha": {
      "version": "7.0.1"
    },
    "mochawesome": {
      "options": {
        "quiet": false,
        "reportFilename": "mochawesome",
        "saveHtml": false,
        "saveJson": true,
        "consoleReporter": "spec",
        "useInlineDiffs": false,
        "code": true
      },
      "version": "7.1.3"
    },
    "marge": {
      "options": {
        "reportDir": "cypress/results",
        "overwrite": false,
        "html": false,
        "json": true,
        "timestamp": "mmddyyyy_HHMMss"
      },
      "version": "6.2.0"
    }
  }
}