{
  "stats": {
    "suites": 1,
    "tests": 2,
    "passes": 2,
    "pending": 0,
    "failures": 0,
    "start": "2025-03-25T18:48:19.997Z",
    "end": "2025-03-25T18:48:22.243Z",
    "duration": 2246,
    "testsRegistered": 2,
    "passPercent": 100,
    "pendingPercent": 0,
    "other": 0,
    "hasOther": false,
    "skipped": 0,
    "hasSkipped": false
  },
  "results": [
    {
      "uuid": "1f74e9b8-2488-4b8b-9533-72c7d059eb3e",
      "title": "",
      "fullFile": "cypress\\e2e\\texto-html.cy.js",
      "file": "cypress\\e2e\\texto-html.cy.js",
      "beforeHooks": [],
      "afterHooks": [],
      "tests": [],
      "suites": [
        {
          "uuid": "9e7d2ddb-d66a-4deb-81d7-97a92bbe6b13",
          "title": "Testar texto",
          "fullFile": "",
          "file": "",
          "beforeHooks": [],
          "afterHooks": [],
          "tests": [
            {
              "title": "Verificar se o texto \"Quem ama adota!\" está na página principal",
              "fullTitle": "Testar texto Verificar se o texto \"Quem ama adota!\" está na página principal",
              "timedOut": null,
              "duration": 373,
              "state": "passed",
              "speed": "fast",
              "pass": true,
              "fail": false,
              "pending": false,
              "context": null,
              "code": "cy.contains('Quem ama adota!');",
              "err": {},
              "uuid": "000d0c68-c898-4c58-b397-3b78e2675284",
              "parentUUID": "9e7d2ddb-d66a-4deb-81d7-97a92bbe6b13",
              "isHook": false,
              "skipped": false
            },
            {
              "title": "Verificar se o texto “Adotar pode mudar uma vida. Que tal buscar seu novo melhor amigo hoje? Vem com a gente!” está na página principal",
              "fullTitle": "Testar texto Verificar se o texto “Adotar pode mudar uma vida. Que tal buscar seu novo melhor amigo hoje? Vem com a gente!” está na página principal",
              "timedOut": null,
              "duration": 764,
              "state": "passed",
              "speed": "fast",
              "pass": true,
              "fail": false,
              "pending": false,
              "context": null,
              "code": "cy.contains('Adotar pode mudar uma vida. Que tal buscar seu novo melhor amigo hoje? Vem com a gente!');",
              "err": {},
              "uuid": "9cdd43cd-5e4d-424a-b510-a74a46acca6f",
              "parentUUID": "9e7d2ddb-d66a-4deb-81d7-97a92bbe6b13",
              "isHook": false,
              "skipped": false
            }
          ],
          "suites": [],
          "passes": [
            "000d0c68-c898-4c58-b397-3b78e2675284",
            "9cdd43cd-5e4d-424a-b510-a74a46acca6f"
          ],
          "failures": [],
          "pending": [],
          "skipped": [],
          "duration": 1137,
          "root": false,
          "rootEmpty": false,
          "_timeout": 2000
        }
      ],
      "passes": [],
      "failures": [],
      "pending": [],
      "skipped": [],
      "duration": 0,
      "root": true,
      "rootEmpty": true,
      "_timeout": 2000
    }
  ],
  "meta": {
    "mocha": {
      "version": "7.0.1"
    },
    "mochawesome": {
      "options": {
        "quiet": false,
        "reportFilename": "mochawesome",
        "saveHtml": false,
        "saveJson": true,
        "consoleReporter": "spec",
        "useInlineDiffs": false,
        "code": true
      },
      "version": "7.1.3"
    },
    "marge": {
      "options": {
        "reportDir": "cypress/results",
        "overwrite": false,
        "html": false,
        "json": true,
        "timestamp": "mmddyyyy_HHMMss"
      },
      "version": "6.2.0"
    }
  }
}