{
  "stats": {
    "suites": 1,
    "tests": 1,
    "passes": 0,
    "pending": 0,
    "failures": 1,
    "start": "2025-03-27T19:31:02.369Z",
    "end": "2025-03-27T19:31:09.425Z",
    "duration": 7056,
    "testsRegistered": 1,
    "passPercent": 0,
    "pendingPercent": 0,
    "other": 0,
    "hasOther": false,
    "skipped": 0,
    "hasSkipped": false
  },
  "results": [
    {
      "uuid": "872b8d0a-3593-46d3-9b29-8ea3bf677591",
      "title": "",
      "fullFile": "cypress\\e2e\\imagem-home.cy.js",
      "file": "cypress\\e2e\\imagem-home.cy.js",
      "beforeHooks": [],
      "afterHooks": [],
      "tests": [],
      "suites": [
        {
          "uuid": "33a5ccf0-709b-41b6-93fe-bf397a29a97e",
          "title": "Testar página inicial",
          "fullFile": "",
          "file": "",
          "beforeHooks": [],
          "afterHooks": [],
          "tests": [
            {
              "title": "Verificar se as imagens dos pets aparecem na página inicial",
              "fullTitle": "Testar página inicial Verificar se as imagens dos pets aparecem na página inicial",
              "timedOut": null,
              "duration": 5319,
              "state": "failed",
              "speed": null,
              "pass": false,
              "fail": true,
              "pending": false,
              "context": null,
              "code": "cy.get('.cards').should('be.visible');",
              "err": {
                "message": "AssertionError: Timed out retrying after 4000ms: Expected to find element: `.cards`, but never found it.",
                "estack": "AssertionError: Timed out retrying after 4000ms: Expected to find element: `.cards`, but never found it.\n    at Context.eval (webpack:///./cypress/e2e/imagem-home.cy.js:7:25)",
                "diff": null
              },
              "uuid": "90a1e43d-e1d2-4fdc-9749-c5bd870055e7",
              "parentUUID": "33a5ccf0-709b-41b6-93fe-bf397a29a97e",
              "isHook": false,
              "skipped": false
            }
          ],
          "suites": [],
          "passes": [],
          "failures": [
            "90a1e43d-e1d2-4fdc-9749-c5bd870055e7"
          ],
          "pending": [],
          "skipped": [],
          "duration": 5319,
          "root": false,
          "rootEmpty": false,
          "_timeout": 2000
        }
      ],
      "passes": [],
      "failures": [],
      "pending": [],
      "skipped": [],
      "duration": 0,
      "root": true,
      "rootEmpty": true,
      "_timeout": 2000
    }
  ],
  "meta": {
    "mocha": {
      "version": "7.0.1"
    },
    "mochawesome": {
      "options": {
        "quiet": false,
        "reportFilename": "mochawesome",
        "saveHtml": false,
        "saveJson": true,
        "consoleReporter": "spec",
        "useInlineDiffs": false,
        "code": true
      },
      "version": "7.1.3"
    },
    "marge": {
      "options": {
        "reportDir": "cypress/results",
        "overwrite": false,
        "html": false,
        "json": true,
        "timestamp": "mmddyyyy_HHMMss"
      },
      "version": "6.2.0"
    }
  }
}