{
  "stats": {
    "suites": 1,
    "tests": 1,
    "passes": 0,
    "pending": 0,
    "failures": 1,
    "start": "2025-03-27T19:31:17.875Z",
    "end": "2025-03-27T19:31:25.976Z",
    "duration": 8101,
    "testsRegistered": 1,
    "passPercent": 0,
    "pendingPercent": 0,
    "other": 0,
    "hasOther": false,
    "skipped": 0,
    "hasSkipped": false
  },
  "results": [
    {
      "uuid": "67713c99-e640-4804-a874-8b108b7aefbc",
      "title": "",
      "fullFile": "cypress\\e2e\\loginIncorreto-api.cy.js",
      "file": "cypress\\e2e\\loginIncorreto-api.cy.js",
      "beforeHooks": [],
      "afterHooks": [],
      "tests": [],
      "suites": [
        {
          "uuid": "129d81da-e469-4070-8165-47e32d868b11",
          "title": "Pagina de login",
          "fullFile": "",
          "file": "",
          "beforeHooks": [],
          "afterHooks": [],
          "tests": [
            {
              "title": "Deve falhar mesmo com os campos preenchiso corretamente",
              "fullTitle": "Pagina de login Deve falhar mesmo com os campos preenchiso corretamente",
              "timedOut": null,
              "duration": 7009,
              "state": "failed",
              "speed": null,
              "pass": false,
              "fail": true,
              "pending": false,
              "context": null,
              "code": "cy.login('ana@email.com', 'Senha123');\ncy.wait('@stubPost');",
              "err": {
                "message": "CypressError: Timed out retrying after 5000ms: `cy.wait()` timed out waiting `5000ms` for the 1st request to the route: `stubPost`. No request ever occurred.\n\nhttps://on.cypress.io/wait",
                "estack": "CypressError: Timed out retrying after 5000ms: `cy.wait()` timed out waiting `5000ms` for the 1st request to the route: `stubPost`. No request ever occurred.\n\nhttps://on.cypress.io/wait\n    at cypressErr (https://adopet-frontend-cypress.vercel.app/__cypress/runner/cypress_runner.js:76198:18)\n    at Object.errByPath (https://adopet-frontend-cypress.vercel.app/__cypress/runner/cypress_runner.js:76252:10)\n    at checkForXhr (https://adopet-frontend-cypress.vercel.app/__cypress/runner/cypress_runner.js:137201:84)\n    at <unknown> (https://adopet-frontend-cypress.vercel.app/__cypress/runner/cypress_runner.js:137227:28)\n    at tryCatcher (https://adopet-frontend-cypress.vercel.app/__cypress/runner/cypress_runner.js:1777:23)\n    at Promise.attempt.Promise.try (https://adopet-frontend-cypress.vercel.app/__cypress/runner/cypress_runner.js:4285:29)\n    at whenStable (https://adopet-frontend-cypress.vercel.app/__cypress/runner/cypress_runner.js:145583:68)\n    at <unknown> (https://adopet-frontend-cypress.vercel.app/__cypress/runner/cypress_runner.js:145524:14)\n    at tryCatcher (https://adopet-frontend-cypress.vercel.app/__cypress/runner/cypress_runner.js:1777:23)\n    at Promise._settlePromiseFromHandler (https://adopet-frontend-cypress.vercel.app/__cypress/runner/cypress_runner.js:1489:31)\n    at Promise._settlePromise (https://adopet-frontend-cypress.vercel.app/__cypress/runner/cypress_runner.js:1546:18)\n    at Promise._settlePromise0 (https://adopet-frontend-cypress.vercel.app/__cypress/runner/cypress_runner.js:1591:10)\n    at Promise._settlePromises (https://adopet-frontend-cypress.vercel.app/__cypress/runner/cypress_runner.js:1671:18)\n    at Promise._fulfill (https://adopet-frontend-cypress.vercel.app/__cypress/runner/cypress_runner.js:1615:18)\n    at <unknown> (https://adopet-frontend-cypress.vercel.app/__cypress/runner/cypress_runner.js:5420:46)\nFrom Your Spec Code:\n    at Object.proxyGetter [as get] (https://adopet-frontend-cypress.vercel.app/__cypress/runner/cypress_runner.js:78960:22)\n    at exists (https://adopet-frontend-cypress.vercel.app/__cypress/runner/cypress_runner.js:144765:26)\n    at elExists (https://adopet-frontend-cypress.vercel.app/__cypress/runner/cypress_runner.js:144780:10)\n    at ensureExistence (https://adopet-frontend-cypress.vercel.app/__cypress/runner/cypress_runner.js:144961:22)\n    at onFailFn (https://adopet-frontend-cypress.vercel.app/__cypress/runner/cypress_runner.js:144990:53)",
                "diff": null
              },
              "uuid": "bf02be45-9c15-4915-ba75-424186ff2e8d",
              "parentUUID": "129d81da-e469-4070-8165-47e32d868b11",
              "isHook": false,
              "skipped": false
            }
          ],
          "suites": [],
          "passes": [],
          "failures": [
            "bf02be45-9c15-4915-ba75-424186ff2e8d"
          ],
          "pending": [],
          "skipped": [],
          "duration": 7009,
          "root": false,
          "rootEmpty": false,
          "_timeout": 2000
        }
      ],
      "passes": [],
      "failures": [],
      "pending": [],
      "skipped": [],
      "duration": 0,
      "root": true,
      "rootEmpty": true,
      "_timeout": 2000
    }
  ],
  "meta": {
    "mocha": {
      "version": "7.0.1"
    },
    "mochawesome": {
      "options": {
        "quiet": false,
        "reportFilename": "mochawesome",
        "saveHtml": false,
        "saveJson": true,
        "consoleReporter": "spec",
        "useInlineDiffs": false,
        "code": true
      },
      "version": "7.1.3"
    },
    "marge": {
      "options": {
        "reportDir": "cypress/results",
        "overwrite": false,
        "html": false,
        "json": true,
        "timestamp": "mmddyyyy_HHMMss"
      },
      "version": "6.2.0"
    }
  }
}