{
  "stats": {
    "suites": 1,
    "tests": 1,
    "passes": 1,
    "pending": 0,
    "failures": 0,
    "start": "2025-03-25T18:48:14.140Z",
    "end": "2025-03-25T18:48:17.587Z",
    "duration": 3447,
    "testsRegistered": 1,
    "passPercent": 100,
    "pendingPercent": 0,
    "other": 0,
    "hasOther": false,
    "skipped": 0,
    "hasSkipped": false
  },
  "results": [
    {
      "uuid": "518916c8-a168-486d-9284-c103530d6d54",
      "title": "",
      "fullFile": "cypress\\e2e\\login-fluxoSecundario.cy.js",
      "file": "cypress\\e2e\\login-fluxoSecundario.cy.js",
      "beforeHooks": [],
      "afterHooks": [],
      "tests": [],
      "suites": [
        {
          "uuid": "ab82ce7d-d283-4378-81a0-8c6b5774c855",
          "title": "Testar fluxo secundário de login",
          "fullFile": "",
          "file": "",
          "beforeHooks": [],
          "afterHooks": [],
          "tests": [
            {
              "title": "Testar fluxo de login a partir da página de mensagem",
              "fullTitle": "Testar fluxo secundário de login Testar fluxo de login a partir da página de mensagem",
              "timedOut": null,
              "duration": 1827,
              "state": "passed",
              "speed": "fast",
              "pass": true,
              "fail": false,
              "pending": false,
              "context": null,
              "code": "cy.get('.header__message').click();\ncy.get('[data-test=\"input-loginEmail\"]').type('ana@email.com');\ncy.get('[data-test=\"input-loginPassword\"]').type('Senha123');\ncy.get('[data-test=\"submit-button\"]').click();",
              "err": {},
              "uuid": "de7147d2-0387-426b-b6b4-8df48f0110f5",
              "parentUUID": "ab82ce7d-d283-4378-81a0-8c6b5774c855",
              "isHook": false,
              "skipped": false
            }
          ],
          "suites": [],
          "passes": [
            "de7147d2-0387-426b-b6b4-8df48f0110f5"
          ],
          "failures": [],
          "pending": [],
          "skipped": [],
          "duration": 1827,
          "root": false,
          "rootEmpty": false,
          "_timeout": 2000
        }
      ],
      "passes": [],
      "failures": [],
      "pending": [],
      "skipped": [],
      "duration": 0,
      "root": true,
      "rootEmpty": true,
      "_timeout": 2000
    }
  ],
  "meta": {
    "mocha": {
      "version": "7.0.1"
    },
    "mochawesome": {
      "options": {
        "quiet": false,
        "reportFilename": "mochawesome",
        "saveHtml": false,
        "saveJson": true,
        "consoleReporter": "spec",
        "useInlineDiffs": false,
        "code": true
      },
      "version": "7.1.3"
    },
    "marge": {
      "options": {
        "reportDir": "cypress/results",
        "overwrite": false,
        "html": false,
        "json": true,
        "timestamp": "mmddyyyy_HHMMss"
      },
      "version": "6.2.0"
    }
  }
}