{
  "stats": {
    "suites": 1,
    "tests": 1,
    "passes": 0,
    "pending": 0,
    "failures": 1,
    "start": "2025-03-25T19:00:51.477Z",
    "end": "2025-03-25T19:00:58.423Z",
    "duration": 6946,
    "testsRegistered": 1,
    "passPercent": 0,
    "pendingPercent": 0,
    "other": 0,
    "hasOther": false,
    "skipped": 0,
    "hasSkipped": false
  },
  "results": [
    {
      "uuid": "8c475aae-43c3-4093-b655-8c3498b0eec0",
      "title": "",
      "fullFile": "cypress\\e2e\\imagem-home.cy.js",
      "file": "cypress\\e2e\\imagem-home.cy.js",
      "beforeHooks": [],
      "afterHooks": [],
      "tests": [],
      "suites": [
        {
          "uuid": "b181b2b9-5265-4c4f-a95a-f42b252dc28f",
          "title": "Testar página inicial",
          "fullFile": "",
          "file": "",
          "beforeHooks": [],
          "afterHooks": [],
          "tests": [
            {
              "title": "Verificar se as imagens dos pets aparecem na página inicial",
              "fullTitle": "Testar página inicial Verificar se as imagens dos pets aparecem na página inicial",
              "timedOut": null,
              "duration": 5221,
              "state": "failed",
              "speed": null,
              "pass": false,
              "fail": true,
              "pending": false,
              "context": null,
              "code": "cy.get('.cards').should('be.visible');",
              "err": {
                "message": "AssertionError: Timed out retrying after 4000ms: Expected to find element: `.cards`, but never found it.",
                "estack": "AssertionError: Timed out retrying after 4000ms: Expected to find element: `.cards`, but never found it.\n    at Context.eval (webpack:///./cypress/e2e/imagem-home.cy.js:7:25)",
                "diff": null
              },
              "uuid": "c67bfbf5-3f9e-42e2-806b-b20d109f2ac5",
              "parentUUID": "b181b2b9-5265-4c4f-a95a-f42b252dc28f",
              "isHook": false,
              "skipped": false
            }
          ],
          "suites": [],
          "passes": [],
          "failures": [
            "c67bfbf5-3f9e-42e2-806b-b20d109f2ac5"
          ],
          "pending": [],
          "skipped": [],
          "duration": 5221,
          "root": false,
          "rootEmpty": false,
          "_timeout": 2000
        }
      ],
      "passes": [],
      "failures": [],
      "pending": [],
      "skipped": [],
      "duration": 0,
      "root": true,
      "rootEmpty": true,
      "_timeout": 2000
    }
  ],
  "meta": {
    "mocha": {
      "version": "7.0.1"
    },
    "mochawesome": {
      "options": {
        "quiet": false,
        "reportFilename": "mochawesome",
        "saveHtml": false,
        "saveJson": true,
        "consoleReporter": "spec",
        "useInlineDiffs": false,
        "code": true
      },
      "version": "7.1.3"
    },
    "marge": {
      "options": {
        "reportDir": "cypress/results",
        "overwrite": false,
        "html": false,
        "json": true,
        "timestamp": "mmddyyyy_HHMMss"
      },
      "version": "6.2.0"
    }
  }
}